\BOOKMARK [0][-]{chapter*.1}{Voorwoord}{}% 1
\BOOKMARK [0][-]{chapter*.4}{Samenvatting}{}% 2
\BOOKMARK [0][-]{chapter*.6}{Lijst van figuren en tabellen}{}% 3
\BOOKMARK [0][-]{chapter*.9}{Lijst van afkortingen en symbolen}{}% 4
\BOOKMARK [0][-]{chapter.1}{Inleiding}{}% 5
\BOOKMARK [0][-]{chapter.2}{Probleem- en doelstelling}{}% 6
\BOOKMARK [1][-]{section.2.1}{Probleemstelling}{chapter.2}% 7
\BOOKMARK [1][-]{section.2.2}{Doelstelling}{chapter.2}% 8
\BOOKMARK [0][-]{chapter.3}{Beschrijving van verschillende databases en selectie van databases}{}% 9
\BOOKMARK [1][-]{section.3.1}{Column database}{chapter.3}% 10
\BOOKMARK [1][-]{section.3.2}{Document database}{chapter.3}% 11
\BOOKMARK [1][-]{section.3.3}{Graph database}{chapter.3}% 12
\BOOKMARK [1][-]{section.3.4}{Key-Value database}{chapter.3}% 13
\BOOKMARK [1][-]{section.3.5}{Relationeel database}{chapter.3}% 14
\BOOKMARK [1][-]{section.3.6}{Selectie van de databases}{chapter.3}% 15
\BOOKMARK [0][-]{chapter.4}{Automatisch uitrollen van databases}{}% 16
\BOOKMARK [1][-]{section.4.1}{Inleiding}{chapter.4}% 17
\BOOKMARK [1][-]{section.4.2}{IMP: Framework voor installatie}{chapter.4}% 18
\BOOKMARK [1][-]{section.4.3}{MongoDB}{chapter.4}% 19
\BOOKMARK [1][-]{section.4.4}{PgPool-II \(PostgreSQL\)}{chapter.4}% 20
\BOOKMARK [1][-]{section.4.5}{HBase}{chapter.4}% 21
\BOOKMARK [0][-]{chapter.5}{Besluit}{}% 22
\BOOKMARK [0][-]{section*.37}{Bibliografie}{}% 23
